============================================================
  Generated by:           Genus(TM) Synthesis Solution 21.18-s082_1
  Generated on:           Apr 03 2024  01:33:55 pm
  Module:                 parity_checker
  Operating conditions:   PVT_0P77V_0C 
  Interconnect mode:      global
  Area mode:              physical library
============================================================

Timing
--------

Clock Period 
-------------
clk    600.0 


  Cost    Critical         Violating 
 Group   Path Slack  TNS     Paths   
-------------------------------------
clk           200.0   0.0          0 
default    No paths   0.0            
-------------------------------------
Total                 0.0          0 

Instance Count
--------------
Leaf Instance Count             9 
Physical Instance count         0 
Sequential Instance Count       1 
Combinational Instance Count    8 
Hierarchical Instance Count     0 

Area
----
Cell Area                          18.196
Physical Cell Area                 0.000
Total Cell Area (Cell+Physical)    18.196
Net Area                           6.982
Total Area (Cell+Physical+Net)     25.178

Max Fanout                         1 (error)
Min Fanout                         0 (rstN)
Average Fanout                     0.9
Terms to net ratio                 1.6250
Terms to instance ratio            2.8889
Runtime                            527.96866 seconds
Elapsed Runtime                    732 seconds
Genus peak memory usage            7673.59 
Innovus peak memory usage          no_value 
Hostname                           ecs02.poly.edu
