============================================================
  Generated by:           Genus(TM) Synthesis Solution 21.18-s082_1
  Generated on:           Apr 03 2024  01:12:15 pm
  Module:                 alu
  Operating conditions:   PVT_0P77V_0C 
  Interconnect mode:      global
  Area mode:              physical library
============================================================

Timing
--------

Clock Period 
-------------
clk    600.0 


        Cost          Critical         Violating 
       Group         Path Slack  TNS     Paths   
-------------------------------------------------
cg_enable_group_clk       234.8   0.0          0 
clk                         2.9   0.0          0 
default                No paths   0.0            
-------------------------------------------------
Total                             0.0          0 

Instance Count
--------------
Leaf Instance Count             235 
Physical Instance count           0 
Sequential Instance Count         5 
Combinational Instance Count    230 
Hierarchical Instance Count       1 

Area
----
Cell Area                          304.664
Physical Cell Area                 0.000
Total Cell Area (Cell+Physical)    304.664
Net Area                           212.112
Total Area (Cell+Physical+Net)     516.776

Max Fanout                         17 (n_235)
Min Fanout                         0 (n_0)
Average Fanout                     2.5
Terms to net ratio                 3.4303
Terms to instance ratio            3.6638
Runtime                            539.300057 seconds
Elapsed Runtime                    1095 seconds
Genus peak memory usage            8033.97 
Innovus peak memory usage          no_value 
Hostname                           ecs02.poly.edu
